This is pdfTeX, Version 3.141592653-2.6-1.40.22 (TeX Live 2021 Gentoo Linux) (preloaded format=pdflatex 2021.10.12)  8 DEC 2021 12:16
entering extended mode
 restricted \write18 enabled.
 %&-line parsing enabled.
**report.tex
(./report.tex
LaTeX2e <2020-10-01> patch level 4
L3 programming layer <2021-02-18>
(/usr/share/texmf-dist/tex/latex/base/article.cls
Document Class: article 2020/04/10 v1.4m Standard LaTeX document class
(/usr/share/texmf-dist/tex/latex/base/size10.clo
File: size10.clo 2020/04/10 v1.4m Standard LaTeX file (size option)
)
\c@part=\count179
\c@section=\count180
\c@subsection=\count181
\c@subsubsection=\count182
\c@paragraph=\count183
\c@subparagraph=\count184
\c@figure=\count185
\c@table=\count186
\abovecaptionskip=\skip47
\belowcaptionskip=\skip48
\bibindent=\dimen138
)
(/usr/share/texmf-dist/tex/latex/amsmath/amsmath.sty
Package: amsmath 2020/09/23 v2.17i AMS math features
\@mathmargin=\skip49

For additional information on amsmath, use the `?' option.
(/usr/share/texmf-dist/tex/latex/amsmath/amstext.sty
Package: amstext 2000/06/29 v2.01 AMS text

(/usr/share/texmf-dist/tex/latex/amsmath/amsgen.sty
File: amsgen.sty 1999/11/30 v2.0 generic functions
\@emptytoks=\toks15
\ex@=\dimen139
))
(/usr/share/texmf-dist/tex/latex/amsmath/amsbsy.sty
Package: amsbsy 1999/11/29 v1.2d Bold Symbols
\pmbraise@=\dimen140
)
(/usr/share/texmf-dist/tex/latex/amsmath/amsopn.sty
Package: amsopn 2016/03/08 v2.02 operator names
)
\inf@bad=\count187
LaTeX Info: Redefining \frac on input line 234.
\uproot@=\count188
\leftroot@=\count189
LaTeX Info: Redefining \overline on input line 399.
\classnum@=\count190
\DOTSCASE@=\count191
LaTeX Info: Redefining \ldots on input line 496.
LaTeX Info: Redefining \dots on input line 499.
LaTeX Info: Redefining \cdots on input line 620.
\Mathstrutbox@=\box47
\strutbox@=\box48
\big@size=\dimen141
LaTeX Font Info:    Redeclaring font encoding OML on input line 743.
LaTeX Font Info:    Redeclaring font encoding OMS on input line 744.
\macc@depth=\count192
\c@MaxMatrixCols=\count193
\dotsspace@=\muskip16
\c@parentequation=\count194
\dspbrk@lvl=\count195
\tag@help=\toks16
\row@=\count196
\column@=\count197
\maxfields@=\count198
\andhelp@=\toks17
\eqnshift@=\dimen142
\alignsep@=\dimen143
\tagshift@=\dimen144
\tagwidth@=\dimen145
\totwidth@=\dimen146
\lineht@=\dimen147
\@envbody=\toks18
\multlinegap=\skip50
\multlinetaggap=\skip51
\mathdisplay@stack=\toks19
LaTeX Info: Redefining \[ on input line 2923.
LaTeX Info: Redefining \] on input line 2924.
)
(/usr/share/texmf-dist/tex/latex/graphics/graphicx.sty
Package: graphicx 2020/09/09 v1.2b Enhanced LaTeX Graphics (DPC,SPQR)

(/usr/share/texmf-dist/tex/latex/graphics/keyval.sty
Package: keyval 2014/10/28 v1.15 key=value parser (DPC)
\KV@toks@=\toks20
)
(/usr/share/texmf-dist/tex/latex/graphics/graphics.sty
Package: graphics 2020/08/30 v1.4c Standard LaTeX Graphics (DPC,SPQR)

(/usr/share/texmf-dist/tex/latex/graphics/trig.sty
Package: trig 2016/01/03 v1.10 sin cos tan (DPC)
)
(/usr/share/texmf-dist/tex/latex/graphics-cfg/graphics.cfg
File: graphics.cfg 2016/06/04 v1.11 sample graphics configuration
)
Package graphics Info: Driver file: pdftex.def on input line 105.

(/usr/share/texmf-dist/tex/latex/graphics-def/pdftex.def
File: pdftex.def 2020/10/05 v1.2a Graphics/color driver for pdftex
))
\Gin@req@height=\dimen148
\Gin@req@width=\dimen149
)
(/usr/share/texmf-dist/tex/latex/l3backend/l3backend-pdftex.def
File: l3backend-pdftex.def 2021-03-18 L3 backend support: PDF output (pdfTeX)
\l__color_backend_stack_int=\count199
\l__pdf_internal_box=\box49
) (./report.aux)
\openout1 = `report.aux'.

LaTeX Font Info:    Checking defaults for OML/cmm/m/it on input line 12.
LaTeX Font Info:    ... okay on input line 12.
LaTeX Font Info:    Checking defaults for OMS/cmsy/m/n on input line 12.
LaTeX Font Info:    ... okay on input line 12.
LaTeX Font Info:    Checking defaults for OT1/cmr/m/n on input line 12.
LaTeX Font Info:    ... okay on input line 12.
LaTeX Font Info:    Checking defaults for T1/cmr/m/n on input line 12.
LaTeX Font Info:    ... okay on input line 12.
LaTeX Font Info:    Checking defaults for TS1/cmr/m/n on input line 12.
LaTeX Font Info:    ... okay on input line 12.
LaTeX Font Info:    Checking defaults for OMX/cmex/m/n on input line 12.
LaTeX Font Info:    ... okay on input line 12.
LaTeX Font Info:    Checking defaults for U/cmr/m/n on input line 12.
LaTeX Font Info:    ... okay on input line 12.
(/usr/share/texmf-dist/tex/context/base/mkii/supp-pdf.mkii
[Loading MPS to PDF converter (version 2006.09.02).]
\scratchcounter=\count266
\scratchdimen=\dimen150
\scratchbox=\box50
\nofMPsegments=\count267
\nofMParguments=\count268
\everyMPshowfont=\toks21
\MPscratchCnt=\count269
\MPscratchDim=\dimen151
\MPnumerator=\count270
\makeMPintoPDFobject=\count271
\everyMPtoPDFconversion=\toks22
) (/usr/share/texmf-dist/tex/latex/epstopdf-pkg/epstopdf-base.sty
Package: epstopdf-base 2020-01-24 v2.11 Base part for package epstopdf
Package epstopdf-base Info: Redefining graphics rule for `.eps' on input line 4
85.

(/usr/share/texmf-dist/tex/latex/latexconfig/epstopdf-sys.cfg
File: epstopdf-sys.cfg 2010/07/13 v1.3 Configuration of (r)epstopdf for TeX Liv
e
))
<./images//A/A-E-0_333.png, id=1, 517.4532pt x 541.3023pt>
File: ./images//A/A-E-0_333.png Graphic file (type png)
<use ./images//A/A-E-0_333.png>
Package pdftex.def Info: ./images//A/A-E-0_333.png  used on input line 16.
(pdftex.def)             Requested size: 172.5pt x 180.44742pt.
<./images//A/A-E-1_000.png, id=3, 517.4532pt x 541.3023pt>
File: ./images//A/A-E-1_000.png Graphic file (type png)
<use ./images//A/A-E-1_000.png>
Package pdftex.def Info: ./images//A/A-E-1_000.png  used on input line 17.
(pdftex.def)             Requested size: 172.5pt x 180.44742pt.

Overfull \hbox (2.22221pt too wide) in paragraph at lines 16--18
[] [] 
 []

<./images//B/B-24-EoNvT.png, id=4, 1383.2478pt x 734.9859pt>
File: ./images//B/B-24-EoNvT.png Graphic file (type png)
<use ./images//B/B-24-EoNvT.png>
Package pdftex.def Info: ./images//B/B-24-EoNvT.png  used on input line 22.
(pdftex.def)             Requested size: 345.0pt x 183.30864pt.
<./images//B/B-24-MoNvT.png, id=5, 1383.2478pt x 734.9859pt>
File: ./images//B/B-24-MoNvT.png Graphic file (type png)
<use ./images//B/B-24-MoNvT.png>
Package pdftex.def Info: ./images//B/B-24-MoNvT.png  used on input line 23.
(pdftex.def)             Requested size: 345.0pt x 183.30864pt.
[1

{/var/lib/texmf/fonts/map/pdftex/updmap/pdftex.map} <./images//A/A-E-0_333.png>
 <./images//A/A-E-1_000.png>]
<./images//C/C_12.png, id=18, 462.528pt x 346.896pt>
File: ./images//C/C_12.png Graphic file (type png)
<use ./images//C/C_12.png>
Package pdftex.def Info: ./images//C/C_12.png  used on input line 28.
(pdftex.def)             Requested size: 345.0pt x 258.76335pt.
<./images//C/C_24.png, id=19, 462.528pt x 346.896pt>
File: ./images//C/C_24.png Graphic file (type png)
<use ./images//C/C_24.png>
Package pdftex.def Info: ./images//C/C_24.png  used on input line 29.
(pdftex.def)             Requested size: 345.0pt x 258.76335pt.
 [2 <./images//B/B-24-EoNvT.png> <./images//B/B-24-MoNvT.png>] [3 <./images//C/
C_12.png> <./images//C/C_24.png>]
<./images//D/D-L_12.png, id=36, 1383.2478pt x 734.9859pt>
File: ./images//D/D-L_12.png Graphic file (type png)
<use ./images//D/D-L_12.png>
Package pdftex.def Info: ./images//D/D-L_12.png  used on input line 35.
(pdftex.def)             Requested size: 345.0pt x 183.30864pt.
<./images//D/D-L_16.png, id=37, 1383.2478pt x 734.9859pt>
File: ./images//D/D-L_16.png Graphic file (type png)
<use ./images//D/D-L_16.png>
Package pdftex.def Info: ./images//D/D-L_16.png  used on input line 36.
(pdftex.def)             Requested size: 345.0pt x 183.30864pt.
<./images//D/D-L_20.png, id=38, 1383.2478pt x 734.9859pt>
File: ./images//D/D-L_20.png Graphic file (type png)
<use ./images//D/D-L_20.png>
Package pdftex.def Info: ./images//D/D-L_20.png  used on input line 37.
(pdftex.def)             Requested size: 345.0pt x 183.30864pt.
<./images//D/D-L_24.png, id=39, 1383.2478pt x 734.9859pt>
File: ./images//D/D-L_24.png Graphic file (type png)
<use ./images//D/D-L_24.png>
Package pdftex.def Info: ./images//D/D-L_24.png  used on input line 38.
(pdftex.def)             Requested size: 345.0pt x 183.30864pt.
<./images//D/D-Data_collapse.png, id=40, 1383.2478pt x 734.9859pt>
File: ./images//D/D-Data_collapse.png Graphic file (type png)
<use ./images//D/D-Data_collapse.png>
Package pdftex.def Info: ./images//D/D-Data_collapse.png  used on input line 39
.
(pdftex.def)             Requested size: 345.0pt x 183.30864pt.
 [4 <./images//D/D-L_12.png> <./images//D/D-L_16.png>] [5 <./images//D/D-L_20.p
ng> <./images//D/D-L_24.png>] [6 <./images//D/D-Data_collapse.png>] (./report.a
ux) ) 
Here is how much of TeX's memory you used:
 1926 strings out of 480355
 26847 string characters out of 5898869
 314431 words of memory out of 5000000
 19174 multiletter control sequences out of 15000+600000
 409396 words of font info for 48 fonts, out of 8000000 for 9000
 475 hyphenation exceptions out of 8191
 68i,6n,74p,946b,191s stack positions out of 5000i,500n,10000p,200000b,80000s
</usr/share/texmf-dist/fonts/type1/public/amsfonts/cm/cmbx12.pfb></usr/sha
re/texmf-dist/fonts/type1/public/amsfonts/cm/cmbxti10.pfb></usr/share/texmf-dis
t/fonts/type1/public/amsfonts/cm/cmmi10.pfb></usr/share/texmf-dist/fonts/type1/
public/amsfonts/cm/cmmi12.pfb></usr/share/texmf-dist/fonts/type1/public/amsfont
s/cm/cmmi7.pfb></usr/share/texmf-dist/fonts/type1/public/amsfonts/cm/cmr10.pfb>
</usr/share/texmf-dist/fonts/type1/public/amsfonts/cm/cmr12.pfb></usr/share/tex
mf-dist/fonts/type1/public/amsfonts/cm/cmr17.pfb></usr/share/texmf-dist/fonts/t
ype1/public/amsfonts/cm/cmr7.pfb></usr/share/texmf-dist/fonts/type1/public/amsf
onts/cm/cmsy10.pfb></usr/share/texmf-dist/fonts/type1/public/amsfonts/cm/cmsy7.
pfb>
Output written on report.pdf (6 pages, 478271 bytes).
PDF statistics:
 90 PDF objects out of 1000 (max. 8388607)
 48 compressed objects within 1 object stream
 0 named destinations out of 1000 (max. 500000)
 56 words of extra memory for PDF output out of 10000 (max. 10000000)

